
Showing logs for build [32mjstrachan-godemo25-pr-5-pr-buil-1[0m stage [32mmeta-pipeline[0m and container [32mstep-credential-initializer-6g9hn[0m
{"level":"warn","ts":1569008320.1854029,"logger":"fallback-logger","caller":"logging/config.go:69","msg":"Fetch GitHub commit ID from kodata failed: \"ref: refs/heads/master\" is not a valid GitHub commit ID"}
{"level":"info","ts":1569008320.2729712,"logger":"fallback-logger","caller":"creds-init/main.go:40","msg":"Credentials initialized."}

Showing logs for build [32mjstrachan-godemo25-pr-5-pr-buil-1[0m stage [32mmeta-pipeline[0m and container [32mstep-working-dir-initializer-pjmqg[0m
{"level":"warn","ts":1569008320.7899742,"logger":"fallback-logger","caller":"logging/config.go:69","msg":"Fetch GitHub commit ID from kodata failed: open /var/run/ko/HEAD: no such file or directory"}
{"level":"info","ts":1569008320.7925715,"logger":"fallback-logger","caller":"bash/main.go:65","msg":"Successfully executed command \"mkdir -p /workspace/source\""}

Showing logs for build [32mjstrachan-godemo25-pr-5-pr-buil-1[0m stage [32mmeta-pipeline[0m and container [32mstep-place-tools[0m

Showing logs for build [32mjstrachan-godemo25-pr-5-pr-buil-1[0m stage [32mmeta-pipeline[0m and container [32mstep-git-source-meta-jstrachan-godemo25-pr-5-pr-wrllt[0m
{"level":"warn","ts":1569008325.838277,"logger":"fallback-logger","caller":"logging/config.go:69","msg":"Fetch GitHub commit ID from kodata failed: \"ref: refs/heads/master\" is not a valid GitHub commit ID"}
{"level":"info","ts":1569008326.90251,"logger":"fallback-logger","caller":"git/git.go:102","msg":"Successfully cloned https://github.com/*********/godemo25.git @ 94a9623247eb27cca6079c629177f2fbd3988cee in path /workspace/source"}

Showing logs for build [32mjstrachan-godemo25-pr-5-pr-buil-1[0m stage [32mmeta-pipeline[0m and container [32mstep-git-merge[0m
Using SHAs from PULL_REFS=master:94a9623247eb27cca6079c629177f2fbd3988cee,5:b42a6d52cb2cd65c6662a7f5962b704d26dae0a7
DEBUG: ran git fetch --unshallow origin b42a6d52cb2cd65c6662a7f5962b704d26dae0a7: 94a9623247eb27cca6079c629177f2fbd3988cee: in 
DEBUG: ran git checkout master in 
DEBUG: ran git reset --hard 94a9623247eb27cca6079c629177f2fbd3988cee in 
DEBUG: ran clean --force -d . in 
DEBUG: ran git merge b42a6d52cb2cd65c6662a7f5962b704d26dae0a7 in 
Merged SHA b42a6d52cb2cd65c6662a7f5962b704d26dae0a7 with commit message 'fix: PR-5' into base branch master

Showing logs for build [32mjstrachan-godemo25-pr-5-pr-buil-1[0m stage [32mmeta-pipeline[0m and container [32mstep-merge-pull-refs[0m
DEBUG: ran git fetch origin b42a6d52cb2cd65c6662a7f5962b704d26dae0a7: 94a9623247eb27cca6079c629177f2fbd3988cee: in 
DEBUG: Unshallowed git repo in 
DEBUG: ran git checkout master in 
DEBUG: ran git reset --hard 94a9623247eb27cca6079c629177f2fbd3988cee in 
DEBUG: ran clean --force -d . in 
DEBUG: ran git merge b42a6d52cb2cd65c6662a7f5962b704d26dae0a7 in 
Merged SHA b42a6d52cb2cd65c6662a7f5962b704d26dae0a7 with commit message 'fix: PR-5' into base branch master

Showing logs for build [32mjstrachan-godemo25-pr-5-pr-buil-1[0m stage [32mmeta-pipeline[0m and container [32mstep-create-effective-pipeline[0m
Deleting and cloning the Jenkins X versions repo
Cloning the Jenkins X versions repo https://github.com/jenkins-x/jenkins-x-versions.git with ref refs/heads/master to /builder/home/.**/jenkins-x-versions
Effective pipeline written to jenkins-x-pr-build-effective.yml

Showing logs for build [32mjstrachan-godemo25-pr-5-pr-buil-1[0m stage [32mmeta-pipeline[0m and container [32mstep-create-tekton-crds[0m
PipelineActivity for *********-godemo25-PR-5-1
Applying changes 
upserted PipelineResource *********-godemo25-pr-5-pr-buil for the git repository https://github.com/*********/godemo25.git
upserted Task *********-godemo25-pr-5-pr-buil-from-build-pack-1
upserted Pipeline *********-godemo25-pr-5-pr-buil-1
created PipelineRun *********-godemo25-pr-5-pr-buil-1
created PipelineStructure *********-godemo25-pr-5-pr-buil-1

Showing logs for build [32mjstrachan-godemo25-pr-5-pr-buil-1[0m stage [32mfrom-build-pack[0m and container [32mstep-credential-initializer-6d2gn[0m
{"level":"warn","ts":1569008340.3144605,"logger":"fallback-logger","caller":"logging/config.go:69","msg":"Fetch GitHub commit ID from kodata failed: \"ref: refs/heads/master\" is not a valid GitHub commit ID"}
{"level":"info","ts":1569008340.317797,"logger":"fallback-logger","caller":"creds-init/main.go:40","msg":"Credentials initialized."}

Showing logs for build [32mjstrachan-godemo25-pr-5-pr-buil-1[0m stage [32mfrom-build-pack[0m and container [32mstep-working-dir-initializer-5zv7s[0m
{"level":"warn","ts":1569008340.6424496,"logger":"fallback-logger","caller":"logging/config.go:69","msg":"Fetch GitHub commit ID from kodata failed: open /var/run/ko/HEAD: no such file or directory"}
{"level":"info","ts":1569008340.644877,"logger":"fallback-logger","caller":"bash/main.go:65","msg":"Successfully executed command \"mkdir -p /workspace/source /workspace/source/charts/preview\""}

Showing logs for build [32mjstrachan-godemo25-pr-5-pr-buil-1[0m stage [32mfrom-build-pack[0m and container [32mstep-place-tools[0m

Showing logs for build [32mjstrachan-godemo25-pr-5-pr-buil-1[0m stage [32mfrom-build-pack[0m and container [32mstep-git-source-jstrachan-godemo25-pr-5-pr-buil-2vqxt[0m
{"level":"warn","ts":1569008346.715155,"logger":"fallback-logger","caller":"logging/config.go:69","msg":"Fetch GitHub commit ID from kodata failed: \"ref: refs/heads/master\" is not a valid GitHub commit ID"}
{"level":"info","ts":1569008347.7817116,"logger":"fallback-logger","caller":"git/git.go:102","msg":"Successfully cloned https://github.com/*********/godemo25.git @ master in path /workspace/source"}

Showing logs for build [32mjstrachan-godemo25-pr-5-pr-buil-1[0m stage [32mfrom-build-pack[0m and container [32mstep-git-merge[0m
Using SHAs from PULL_REFS=master:94a9623247eb27cca6079c629177f2fbd3988cee,5:b42a6d52cb2cd65c6662a7f5962b704d26dae0a7
DEBUG: ran git fetch --unshallow origin b42a6d52cb2cd65c6662a7f5962b704d26dae0a7: 94a9623247eb27cca6079c629177f2fbd3988cee: in 
DEBUG: ran git checkout master in 
DEBUG: ran git reset --hard 94a9623247eb27cca6079c629177f2fbd3988cee in 
DEBUG: ran clean --force -d . in 
DEBUG: ran git merge b42a6d52cb2cd65c6662a7f5962b704d26dae0a7 in 
Merged SHA b42a6d52cb2cd65c6662a7f5962b704d26dae0a7 with commit message 'fix: PR-5' into base branch master

Showing logs for build [32mjstrachan-godemo25-pr-5-pr-buil-1[0m stage [32mfrom-build-pack[0m and container [32mstep-build-make-linux[0m
CGO_ENABLED=0 GOOS=linux GOARCH=amd64 GO15VENDOREXPERIMENT=1 go build -ldflags '' -o bin/godemo25 main.go

Showing logs for build [32mjstrachan-godemo25-pr-5-pr-buil-1[0m stage [32mfrom-build-pack[0m and container [32mstep-build-container-build[0m
[36mINFO[0m[0000] No base image, nothing to extract            
[36mINFO[0m[0000] cmd: EXPOSE                                  
[36mINFO[0m[0000] Adding exposed port: 8080/tcp                
[36mINFO[0m[0000] Using files from context: [/workspace/source/bin] 
[36mINFO[0m[0000] Skipping unpacking as no commands require it. 
[36mINFO[0m[0000] Taking snapshot of full filesystem...        
[36mINFO[0m[0000] EXPOSE 8080                                  
[36mINFO[0m[0000] cmd: EXPOSE                                  
[36mINFO[0m[0000] Adding exposed port: 8080/tcp                
[36mINFO[0m[0000] No files changed in this command, skipping snapshotting. 
[36mINFO[0m[0000] ENTRYPOINT ["/godemo25"]                     
[36mINFO[0m[0000] No files changed in this command, skipping snapshotting. 
[36mINFO[0m[0000] Using files from context: [/workspace/source/bin] 
[36mINFO[0m[0000] COPY ./bin/ /                                
[36mINFO[0m[0000] Taking snapshot of files...                  
2019/09/20 19:39:22 pushed blob: sha256:622a91ec752a7104c1fb0dcf5508033795929e0dadaf257f4b52d802c2941376
2019/09/20 19:39:22 pushed blob: sha256:302b8dc8e70d9bece5f1a009cb9ae4274522e3c07dca1a213bf8e35a82e09e21
2019/09/20 19:39:25 gcr.io/apps-dev-229310/godemo25:0.0.0-SNAPSHOT-PR-5-1: digest: sha256:ce280595508676ff44efb1ee162d6877e86005a304a5c1b0750bd8266aefa280 size: 428

Showing logs for build [32mjstrachan-godemo25-pr-5-pr-buil-1[0m stage [32mfrom-build-pack[0m and container [32mstep-postbuild-post-build[0m
no CVE provider running in the current ** namespace so skip adding image to be analysed

Showing logs for build [32mjstrachan-godemo25-pr-5-pr-buil-1[0m stage [32mfrom-build-pack[0m and container [32mstep-promote-make-preview[0m
sed -i -e "s/version:.*/version: 0.0.0-SNAPSHOT-PR-5-1/" Chart.yaml
sed -i -e "s/version:.*/version: 0.0.0-SNAPSHOT-PR-5-1/" ../*/Chart.yaml
sed -i -e "s|repository:.*|repository: gcr.io\/apps-dev-229310\/godemo25|" values.yaml
sed -i -e "s/tag:.*/tag: 0.0.0-SNAPSHOT-PR-5-1/" values.yaml
echo "  version: 0.0.0-SNAPSHOT-PR-5-1" >> requirements.yaml
** step helm build
WARNING: No $CHART_REPOSITORY defined so using the default value of: http://jenkins-x-chartmuseum:8080
Adding missing Helm repo: storage.googleapis.com https://storage.googleapis.com/chartmuseum.jenkins-x.io
Successfully added Helm repository storage.googleapis.com.
Adding missing Helm repo: jenkins-x-chartmuseum http://jenkins-x-chartmuseum:8080
Successfully added Helm repository jenkins-x-chartmuseum.
WARNING: No $CHART_REPOSITORY defined so using the default value of: http://jenkins-x-chartmuseum:8080
Adding missing Helm repo: chartmuseum.jenkins-x.io http://chartmuseum.jenkins-x.io
Successfully added Helm repository chartmuseum.jenkins-x.io.

Showing logs for build [32mjstrachan-godemo25-pr-5-pr-buil-1[0m stage [32mfrom-build-pack[0m and container [32mstep-promote-jx-preview[0m
Creating a preview
Commit author email is empty for: b42a6d52cb2cd65c6662a7f5962b704d26dae0a7
Looking for commits in: /workspace/source/
Found commit author match for: ********* with email address: james.strachan@gmail.com
Created environment *********-godemo25-pr-5
Namespace **-*********-godemo25-pr-5 created 
expose:
  Annotations:
    helm.sh/hook: post-install,post-upgrade
    helm.sh/hook-delete-policy: hook-succeeded
  config:
    domain: 35.189.201.111.nip.io
    exposer: Ingress
    http: "true"
preview:
  image:
    repository: gcr.io/apps-dev-229310/godemo25
    tag: 0.0.0-SNAPSHOT-PR-5-1
Deleting and cloning the Jenkins X versions repo
Cloning the Jenkins X versions repo https://github.com/jenkins-x/jenkins-x-versions.git with ref refs/heads/master to /builder/home/.**/jenkins-x-versions


Updating PipelineActivities *********-godemo25-pr-5-1 which has status Running
WARNING: preview application http://godemo25.**-*********-godemo25-pr-5.35.189.201.111.nip.io not available, error was 503 503 Service Temporarily Unavailable, delaying for: 1.252573036s
WARNING: preview application http://godemo25.**-*********-godemo25-pr-5.35.189.201.111.nip.io not available, error was 503 503 Service Temporarily Unavailable, delaying for: 1.795078749s
WARNING: preview application http://godemo25.**-*********-godemo25-pr-5.35.189.201.111.nip.io not available, error was 503 503 Service Temporarily Unavailable, delaying for: 1.481238625s
Preview application is now available at: http://godemo25.**-*********-godemo25-pr-5.35.189.201.111.nip.io
